     1                                  ; file.asm - использование файлов в NASM
     2                                  extern printf
     3                                  extern fprintf
     4                                  
     5                                  extern ToRealComplexNumber
     6                                  extern ToRealFraction
     7                                  extern ToRealCoordinates
     8                                  extern ToRealNumber
     9                                  
    10                                  extern COMPLEXNUMBER
    11                                  extern FRACTION
    12                                  extern COORDINATES
    13                                  
    14                                  
    15                                  global OutComplexNumber
    16                                  OutComplexNumber:
    17                                  section .data
    18 00000000 436F6D706C6578206E-         .outfmt db "Complex number (%d, %d) - %g",10,0
    18 00000009 756D62657220282564-
    18 00000012 2C20256429202D2025-
    18 0000001B 670A00             
    19                                  section .bss
    20 00000000 <res 00000008>              .pcomp  resq  1
    21 00000008 <res 00000008>              .FILE   resq  1       ; временное хранение указателя на файл
    22 00000010 <res 00000008>              .p      resq  1       
    23                                  section .text
    24 00000000 55                      push rbp
    25 00000001 4889E5                  mov rbp, rsp
    26                                  
    27                                      ; Сохранени принятых аргументов
    28 00000004 48893C25[00000000]          mov     [.pcomp], rdi       
    29 0000000C 48893425[08000000]          mov     [.FILE], rsi          ; сохраняется указатель на файл
    30                                  
    31                                  
    32 00000014 4883EF04                    sub rdi, 4
    33 00000018 E8(00000000)                call    ToRealNumber
    34 0000001D 4883C704                    add rdi, 4
    35 00000021 F20F110425-                 movsd   [.p], xmm0         
    35 00000026 [10000000]         
    36                                  
    37                                  
    38 0000002A 488B3C25[08000000]          mov     rdi, [.FILE]
    39 00000032 48BE-                       mov     rsi, .outfmt        ; Формат - 2-й аргумент
    39 00000034 [0000000000000000] 
    40 0000003C 488B0425[00000000]          mov     rax, [.pcomp]       
    41 00000044 8B10                        mov     edx, [rax]          ; x
    42 00000046 8B4804                      mov     ecx, [rax+4]        ; y
    43 00000049 F20F100425-                 movsd   xmm0, [.p]
    43 0000004E [10000000]         
    44 00000052 B801000000                  mov     rax, 1              ; есть числа с плавающей точкой
    45 00000057 E8(00000000)                call    fprintf
    46                                  
    47 0000005C C9                      leave
    48 0000005D C3                      ret
    49                                  
    50                                  
    51                                  
    52                                  global OutFraction
    53                                  OutFraction:
    54                                  section .data
    55 0000001E 4672616374696F6E20-         .outfmt db "Fraction %d/%d - %g",10,0
    55 00000027 25642F2564202D2025-
    55 00000030 670A00             
    56                                  section .bss
    57 00000018 <res 00000008>              .frac  resq  1
    58 00000020 <res 00000008>              .FILE   resq  1       ; временное хранение указателя на файл
    59 00000028 <res 00000008>              .p      resq  1       
    60                                  section .text
    61 0000005E 55                      push rbp
    62 0000005F 4889E5                  mov rbp, rsp
    63                                  
    64                                      ; Сохранени принятых аргументов
    65 00000062 48893C25[18000000]          mov     [.frac], rdi          
    66 0000006A 48893425[20000000]          mov     [.FILE], rsi          ; сохраняется указатель на файл
    67                                  
    68                                  
    69 00000072 E8(00000000)                call    ToRealFraction
    70 00000077 F20F110425-                 movsd   [.p], xmm0         
    70 0000007C [28000000]         
    71                                  
    72                                  
    73 00000080 488B3C25[20000000]          mov     rdi, [.FILE]
    74 00000088 48BE-                       mov     rsi, .outfmt        ; Формат - 2-й аргумент
    74 0000008A [1E00000000000000] 
    75 00000092 488B0425[18000000]          mov     rax, [.frac]        ; адрес 
    76 0000009A 8B10                        mov     edx, [rax]          ; x
    77 0000009C 8B4804                      mov     ecx, [rax+4]        ; y
    78 0000009F F20F100425-                 movsd   xmm0, [.p]
    78 000000A4 [28000000]         
    79 000000A8 B801000000                  mov     rax, 1              ; есть числа с плавающей точкой
    80 000000AD E8(00000000)                call    fprintf
    81                                  
    82 000000B2 C9                      leave
    83 000000B3 C3                      ret
    84                                  
    85                                  
    86                                  global OutCoordinates
    87                                  OutCoordinates:
    88                                  section .data
    89 00000033 436F6F72696E617465-         .outfmt db "Coorinates (%d, %d) - %g",10,0
    89 0000003C 73202825642C202564-
    89 00000045 29202D2025670A00   
    90                                  section .bss
    91 00000030 <res 00000008>              .pcoord  resq  1
    92 00000038 <res 00000008>              .FILE   resq  1       ; временное хранение указателя на файл
    93 00000040 <res 00000008>              .p      resq  1       
    94                                  section .text
    95 000000B4 55                      push rbp
    96 000000B5 4889E5                  mov rbp, rsp
    97                                  
    98                                      ; Сохранени принятых аргументов
    99 000000B8 48893C25[30000000]          mov     [.pcoord], rdi          ; сохраняется адрес
   100 000000C0 48893425[38000000]          mov     [.FILE], rsi          ; сохраняется указатель на файл
   101                                  
   102                                  
   103 000000C8 E8(00000000)                call    ToRealCoordinates
   104 000000CD F20F110425-                 movsd   [.p], xmm0          
   104 000000D2 [40000000]         
   105                                      
   106                                  
   107 000000D6 488B3C25[38000000]          mov     rdi, [.FILE]
   108 000000DE 48BE-                       mov     rsi, .outfmt        ; Формат - 2-й аргумент
   108 000000E0 [3300000000000000] 
   109 000000E8 488B0425[30000000]          mov     rax, [.pcoord]        ; адрес 
   110 000000F0 8B10                        mov     edx, [rax]          ; x
   111 000000F2 8B4804                      mov     ecx, [rax+4]        ; y
   112 000000F5 F20F100425-                 movsd   xmm0, [.p]
   112 000000FA [40000000]         
   113 000000FE B801000000                  mov     rax, 1              ; есть числа с плавающей точкой
   114 00000103 E8(00000000)                call    fprintf
   115                                  
   116 00000108 C9                      leave
   117 00000109 C3                      ret
   118                                  
   119                                  
   120                                  global OutNumber
   121                                  OutNumber:
   122                                  section .data
   123 0000004D 496E636F7272656374-         .erShape db "Incorrect number!",10,0
   123 00000056 206E756D626572210A-
   123 0000005F 00                 
   124                                  section .text
   125 0000010A 55                      push rbp
   126 0000010B 4889E5                  mov rbp, rsp
   127                                  
   128                                      ; В rdi адрес фигуры
   129 0000010E 8B07                        mov eax, [rdi]
   130 00000110 3B0425[00000000]            cmp eax, [COMPLEXNUMBER]
   131 00000117 7428                        je compOut
   132 00000119 3B0425[00000000]            cmp eax, [FRACTION]
   133 00000120 742A                        je fracOut
   134 00000122 3B0425[00000000]            cmp eax, [COORDINATES]
   135 00000129 742C                        je cordOut
   136 0000012B 48BF-                       mov rdi, .erShape
   136 0000012D [4D00000000000000] 
   137 00000135 B800000000                  mov rax, 0
   138 0000013A E8(00000000)                call fprintf
   139 0000013F EB21                        jmp     return
   140                                  compOut:
   141 00000141 4883C704                    add     rdi, 4
   142 00000145 E8B6FEFFFF                  call    OutComplexNumber
   143 0000014A EB16                        jmp     return
   144                                  fracOut:
   145 0000014C 4883C704                    add     rdi, 4
   146 00000150 E809FFFFFF                  call    OutFraction
   147 00000155 EB0B                        jmp     return
   148                                  cordOut:
   149 00000157 4883C704                    add     rdi, 4
   150 0000015B E854FFFFFF                  call    OutCoordinates
   151 00000160 EB00                        jmp     return
   152                                  return:
   153 00000162 C9                      leave
   154 00000163 C3                      ret
   155                                  
   156                                  
   157                                  global OutContainer
   158                                  OutContainer:
   159                                  section .data
   160 00000060 25643A2000                  numFmt  db  "%d: ",0
   161                                  section .bss
   162 00000048 <res 00000008>              .pcont  resq    1   ; адрес контейнера
   163 00000050 <res 00000004>              .len    resd    1   ; адрес для сохранения числа введенных элементов
   164 00000054 <res 00000008>              .FILE   resq    1   ; указатель на файл
   165                                  section .text
   166 00000164 55                      push rbp
   167 00000165 4889E5                  mov rbp, rsp
   168                                  
   169 00000168 48893C25[48000000]          mov [.pcont], rdi   ; сохраняется указатель на контейнер
   170 00000170 893425[50000000]            mov [.len],   esi     ; сохраняется число элементов
   171 00000177 48891425[54000000]          mov [.FILE],  rdx    ; сохраняется указатель на файл
   172                                  
   173                                      ; В rdi адрес начала контейнера
   174 0000017F 4889F3                      mov rbx, rsi            ; число чисел
   175 00000182 31C9                        xor ecx, ecx            ; счетчик  = 0
   176 00000184 4889D6                      mov rsi, rdx            ; перенос указателя на файл
   177                                  .loop:
   178 00000187 39D9                        cmp ecx, ebx            ; проверка на окончание цикла
   179 00000189 7D4D                        jge .return             ; Перебрали все числа
   180                                  
   181 0000018B 53                          push rbx
   182 0000018C 51                          push rcx
   183                                  
   184                                  
   185 0000018D 488B3C25[54000000]          mov     rdi, [.FILE]    ; текущий указатель на файл
   186 00000195 48BE-                       mov     rsi, numFmt     ; формат для вывода 
   186 00000197 [6000000000000000] 
   187 0000019F 89CA                        mov     edx, ecx        ; индекс текущего числа
   188 000001A1 4831C0                      xor     rax, rax,       ; только целочисленные регистры
   189 000001A4 E8(00000000)                call fprintf
   190                                  
   191                                  
   192 000001A9 488B3C25[48000000]          mov     rdi, [.pcont]
   193 000001B1 488B3425[54000000]          mov     rsi, [.FILE]
   194 000001B9 E84CFFFFFF                  call OutNumber     ; Получение соответствующего действительного числа
   195                                  
   196 000001BE 59                          pop rcx
   197 000001BF 5B                          pop rbx
   198 000001C0 FFC1                        inc ecx                 ; индекс следующего числа
   199                                  
   200 000001C2 488B0425[48000000]          mov     rax, [.pcont]
   201 000001CA 4883C010                    add     rax, 16         ; адрес следующего числа
   202 000001CE 48890425[48000000]          mov     [.pcont], rax
   203 000001D6 EBAF                        jmp .loop
   204                                  .return:
   205 000001D8 C9                      leave
   206 000001D9 C3                      ret
   207                                  
